\BOOKMARK [0][-]{chapter.1}{\376\377\000N\000u\000c\000l\000e\000a\000r\000\040\000P\000h\000y\000s\000i\000c\000s\000\040\000i\000n\000\040\000U\000l\000t\000r\000a\000-\000r\000e\000l\000a\000t\000i\000v\000i\000s\000t\000i\000c\000\040\000H\000e\000a\000v\000y\000-\000I\000o\000n\000\040\000C\000o\000l\000l\000i\000s\000i\000o\000n\000s}{}% 1
\BOOKMARK [1][-]{section.1.1}{\376\377\000T\000h\000e\000\040\000S\000t\000a\000n\000d\000a\000r\000d\000\040\000M\000o\000d\000e\000l}{chapter.1}% 2
\BOOKMARK [1][-]{section.1.2}{\376\377\000Q\000u\000a\000n\000t\000u\000m\000\040\000E\000l\000e\000c\000t\000r\000o\000d\000y\000n\000a\000m\000i\000c\000s}{chapter.1}% 3
\BOOKMARK [1][-]{section.1.3}{\376\377\000Q\000u\000a\000n\000t\000u\000m\000\040\000C\000h\000r\000o\000m\000o\000d\000y\000n\000a\000m\000i\000c\000s}{chapter.1}% 4
\BOOKMARK [1][-]{section.1.4}{\376\377\000Q\000C\000D\000\040\000E\000x\000p\000e\000r\000i\000m\000e\000n\000t\000s}{chapter.1}% 5
\BOOKMARK [1][-]{section.1.5}{\376\377\000D\000e\000e\000p\000\040\000I\000n\000e\000l\000a\000s\000t\000i\000c\000\040\000S\000c\000a\000t\000t\000e\000r\000i\000n\000g}{chapter.1}% 6
\BOOKMARK [1][-]{section.1.6}{\376\377\000U\000l\000t\000r\000a\000-\000p\000e\000r\000i\000p\000h\000e\000r\000a\000l\000\040\000H\000e\000a\000v\000y\000-\000I\000o\000n\000\040\000C\000o\000l\000l\000i\000s\000i\000o\000n\000s}{chapter.1}% 7
\BOOKMARK [1][-]{section.1.7}{\376\377\000F\000a\000c\000t\000o\000r\000i\000z\000a\000t\000i\000o\000n}{chapter.1}% 8
\BOOKMARK [1][-]{section.1.8}{\376\377\000W\000i\000g\000n\000e\000r\000\040\000D\000i\000s\000t\000r\000i\000b\000u\000t\000i\000o\000n}{chapter.1}% 9
\BOOKMARK [0][-]{chapter.2}{\376\377\000U\000l\000t\000r\000a\000-\000p\000e\000r\000i\000p\000h\000e\000r\000a\000l\000\040\000C\000o\000l\000l\000i\000s\000i\000o\000n\000s\000\040\000a\000t\000\040\000t\000h\000e\000\040\000L\000a\000r\000g\000e\000\040\000H\000a\000d\000r\000o\000n\000\040\000C\000o\000l\000l\000i\000d\000e\000r}{}% 10
\BOOKMARK [1][-]{section.2.1}{\376\377\000V\000e\000c\000t\000o\000r\000\040\000M\000e\000s\000o\000n\000\040\000P\000h\000o\000t\000o\000p\000r\000o\000d\000u\000c\000t\000i\000o\000n}{chapter.2}% 11
\BOOKMARK [2][-]{subsection.2.1.1}{\376\377\000A\000L\000I\000C\000E}{section.2.1}% 12
\BOOKMARK [2][-]{subsection.2.1.2}{\376\377\000C\000M\000S}{section.2.1}% 13
\BOOKMARK [1][-]{section.2.2}{\376\377\000P\000h\000o\000t\000o\000n\000-\000P\000h\000o\000t\000o\000n\000\040\000I\000n\000t\000e\000r\000a\000c\000t\000i\000o\000n\000s}{chapter.2}% 14
\BOOKMARK [2][-]{subsection.2.2.1}{\376\377\000A\000T\000L\000A\000S}{section.2.2}% 15
\BOOKMARK [1][-]{section.2.3}{\376\377\000D\000i\000j\000e\000t\000\040\000P\000h\000o\000t\000o\000p\000r\000o\000d\000u\000c\000t\000i\000o\000n}{chapter.2}% 16
\BOOKMARK [2][-]{subsection.2.3.1}{\376\377\000A\000T\000L\000A\000S}{section.2.3}% 17
\BOOKMARK [2][-]{subsection.2.3.2}{\376\377\000C\000M\000S}{section.2.3}% 18
\BOOKMARK [0][-]{chapter.3}{\376\377\000T\000h\000e\000\040\000E\000x\000p\000e\000r\000i\000m\000e\000n\000t}{}% 19
\BOOKMARK [1][-]{section.3.1}{\376\377\000L\000a\000r\000g\000e\000\040\000H\000a\000d\000r\000o\000n\000\040\000C\000o\000l\000l\000i\000d\000e\000r}{chapter.3}% 20
\BOOKMARK [1][-]{section.3.2}{\376\377\000C\000o\000m\000p\000a\000c\000t\000\040\000M\000u\000o\000n\000\040\000S\000o\000l\000e\000n\000o\000i\000d}{chapter.3}% 21
\BOOKMARK [2][-]{subsection.3.2.1}{\376\377\000T\000r\000a\000c\000k\000e\000r}{section.3.2}% 22
\BOOKMARK [3][-]{subsubsection.3.2.1.1}{\376\377\000P\000i\000x\000e\000l\000\040\000T\000r\000a\000c\000k\000e\000r}{subsection.3.2.1}% 23
\BOOKMARK [3][-]{subsubsection.3.2.1.2}{\376\377\000S\000t\000r\000i\000p\000\040\000T\000r\000a\000c\000k\000e\000r}{subsection.3.2.1}% 24
\BOOKMARK [2][-]{subsection.3.2.2}{\376\377\000E\000l\000e\000c\000t\000r\000o\000m\000a\000g\000n\000e\000t\000i\000c\000\040\000C\000a\000l\000o\000r\000i\000m\000e\000t\000e\000r}{section.3.2}% 25
\BOOKMARK [2][-]{subsection.3.2.3}{\376\377\000H\000a\000d\000r\000o\000n\000i\000c\000\040\000C\000a\000l\000o\000r\000i\000m\000e\000t\000e\000r}{section.3.2}% 26
\BOOKMARK [3][-]{subsubsection.3.2.3.1}{\376\377\000H\000a\000d\000r\000o\000n\000i\000c\000\040\000F\000o\000r\000w\000a\000r\000d\000\040\000C\000a\000l\000o\000r\000i\000m\000e\000t\000e\000r\000s}{subsection.3.2.3}% 27
\BOOKMARK [2][-]{subsection.3.2.4}{\376\377\000M\000u\000o\000n\000\040\000D\000e\000t\000e\000c\000t\000o\000r}{section.3.2}% 28
\BOOKMARK [2][-]{subsection.3.2.5}{\376\377\000Z\000e\000r\000o\000\040\000D\000e\000g\000r\000e\000e\000\040\000C\000a\000l\000o\000r\000i\000m\000e\000t\000e\000r}{section.3.2}% 29
\BOOKMARK [2][-]{subsection.3.2.6}{\376\377\000P\000a\000r\000t\000i\000c\000l\000e\000\040\000F\000l\000o\000w\000\040\000A\000l\000g\000o\000r\000i\000t\000h\000m}{section.3.2}% 30
\BOOKMARK [0][-]{chapter.4}{\376\377\000B\000e\000a\000m\000\040\000R\000a\000d\000i\000a\000t\000i\000o\000n\000\040\000a\000n\000d\000\040\000L\000u\000m\000i\000n\000o\000s\000i\000t\000y}{}% 31
\BOOKMARK [1][-]{section.4.1}{\376\377\000v\000a\000n\000\040\000d\000e\000\040\000M\000e\000e\000r\000\040\000S\000c\000a\000n\000n\000i\000n\000g}{chapter.4}% 32
\BOOKMARK [0][-]{chapter.5}{\376\377\000T\000r\000i\000g\000g\000e\000r\000i\000n\000g}{}% 33
\BOOKMARK [0][-]{chapter.6}{\376\377\000D\000a\000t\000a\000\040\000A\000n\000a\000l\000y\000s\000i\000s}{}% 34
\BOOKMARK [0][-]{chapter.7}{\376\377\000S\000y\000s\000t\000e\000m\000a\000t\000i\000c\000\040\000U\000n\000c\000e\000r\000t\000a\000i\000n\000t\000i\000e\000s}{}% 35
\BOOKMARK [0][-]{chapter.8}{\376\377\000R\000e\000s\000u\000l\000t\000s\000\040\000a\000n\000d\000\040\000C\000o\000n\000c\000l\000u\000s\000i\000o\000n\000s}{}% 36
\BOOKMARK [0][-]{appendix.A}{\376\377\000M\000y\000\040\000A\000p\000p\000e\000n\000d\000i\000x\000,\000\040\000N\000e\000x\000t\000\040\000t\000o\000\040\000m\000y\000\040\000S\000p\000l\000e\000e\000n}{}% 37
