This is pdfTeX, Version 3.14159265-2.6-1.40.16 (TeX Live 2015/Debian) (preloaded format=pdflatex 2017.8.29)  17 APR 2018 21:44
entering extended mode
 restricted \write18 enabled.
 %&-line parsing enabled.
**thesis-ku.tex
(./thesis-ku.tex
LaTeX2e <2016/02/01>
Babel <3.9q> and hyphenation patterns for 5 language(s) loaded.
(./kuthesis.cls
Document Class: kuthesis 2016/03/27 v2 KU thesis class
(/usr/share/texlive/texmf-dist/tex/latex/base/report.cls
Document Class: report 2014/09/29 v1.4h Standard LaTeX document class
(/usr/share/texlive/texmf-dist/tex/latex/base/size12.clo
File: size12.clo 2014/09/29 v1.4h Standard LaTeX file (size option)
)
\c@part=\count79
\c@chapter=\count80
\c@section=\count81
\c@subsection=\count82
\c@subsubsection=\count83
\c@paragraph=\count84
\c@subparagraph=\count85
\c@figure=\count86
\c@table=\count87
\abovecaptionskip=\skip41
\belowcaptionskip=\skip42
\bibindent=\dimen102
)
(/usr/share/texlive/texmf-dist/tex/latex/geometry/geometry.sty
Package: geometry 2010/09/12 v5.6 Page Geometry

(/usr/share/texlive/texmf-dist/tex/latex/graphics/keyval.sty
Package: keyval 2014/10/28 v1.15 key=value parser (DPC)
\KV@toks@=\toks14
)
(/usr/share/texlive/texmf-dist/tex/generic/oberdiek/ifpdf.sty
Package: ifpdf 2011/01/30 v2.3 Provides the ifpdf switch (HO)
Package ifpdf Info: pdfTeX in PDF mode is detected.
)
(/usr/share/texlive/texmf-dist/tex/generic/oberdiek/ifvtex.sty
Package: ifvtex 2010/03/01 v1.5 Detect VTeX and its facilities (HO)
Package ifvtex Info: VTeX not detected.
)
(/usr/share/texlive/texmf-dist/tex/generic/ifxetex/ifxetex.sty
Package: ifxetex 2010/09/12 v0.6 Provides ifxetex conditional
)
\Gm@cnth=\count88
\Gm@cntv=\count89
\c@Gm@tempcnt=\count90
\Gm@bindingoffset=\dimen103
\Gm@wd@mp=\dimen104
\Gm@odd@mp=\dimen105
\Gm@even@mp=\dimen106
\Gm@layoutwidth=\dimen107
\Gm@layoutheight=\dimen108
\Gm@layouthoffset=\dimen109
\Gm@layoutvoffset=\dimen110
\Gm@dimlist=\toks15
)
(/usr/share/texlive/texmf-dist/tex/latex/listings/listings.sty
\lst@mode=\count91
\lst@gtempboxa=\box26
\lst@token=\toks16
\lst@length=\count92
\lst@currlwidth=\dimen111
\lst@column=\count93
\lst@pos=\count94
\lst@lostspace=\dimen112
\lst@width=\dimen113
\lst@newlines=\count95
\lst@lineno=\count96
\lst@maxwidth=\dimen114

(/usr/share/texlive/texmf-dist/tex/latex/listings/lstmisc.sty
File: lstmisc.sty 2015/06/04 1.6 (Carsten Heinz)
\c@lstnumber=\count97
\lst@skipnumbers=\count98
\lst@framebox=\box27
)
(/usr/share/texlive/texmf-dist/tex/latex/listings/listings.cfg
File: listings.cfg 2015/06/04 1.6 listings configuration
))
Package: listings 2015/06/04 1.6 (Carsten Heinz)
)
(/usr/share/texlive/texmf-dist/tex/latex/psnfss/mathptmx.sty
Package: mathptmx 2005/04/12 PSNFSS-v9.2a Times w/ Math, improved (SPQR, WaS) 
LaTeX Font Info:    Redeclaring symbol font `operators' on input line 28.
LaTeX Font Info:    Overwriting symbol font `operators' in version `normal'
(Font)                  OT1/cmr/m/n --> OT1/ztmcm/m/n on input line 28.
LaTeX Font Info:    Overwriting symbol font `operators' in version `bold'
(Font)                  OT1/cmr/bx/n --> OT1/ztmcm/m/n on input line 28.
LaTeX Font Info:    Redeclaring symbol font `letters' on input line 29.
LaTeX Font Info:    Overwriting symbol font `letters' in version `normal'
(Font)                  OML/cmm/m/it --> OML/ztmcm/m/it on input line 29.
LaTeX Font Info:    Overwriting symbol font `letters' in version `bold'
(Font)                  OML/cmm/b/it --> OML/ztmcm/m/it on input line 29.
LaTeX Font Info:    Redeclaring symbol font `symbols' on input line 30.
LaTeX Font Info:    Overwriting symbol font `symbols' in version `normal'
(Font)                  OMS/cmsy/m/n --> OMS/ztmcm/m/n on input line 30.
LaTeX Font Info:    Overwriting symbol font `symbols' in version `bold'
(Font)                  OMS/cmsy/b/n --> OMS/ztmcm/m/n on input line 30.
LaTeX Font Info:    Redeclaring symbol font `largesymbols' on input line 31.
LaTeX Font Info:    Overwriting symbol font `largesymbols' in version `normal'
(Font)                  OMX/cmex/m/n --> OMX/ztmcm/m/n on input line 31.
LaTeX Font Info:    Overwriting symbol font `largesymbols' in version `bold'
(Font)                  OMX/cmex/m/n --> OMX/ztmcm/m/n on input line 31.
\symbold=\mathgroup4
\symitalic=\mathgroup5
LaTeX Font Info:    Redeclaring math alphabet \mathbf on input line 34.
LaTeX Font Info:    Overwriting math alphabet `\mathbf' in version `normal'
(Font)                  OT1/cmr/bx/n --> OT1/ptm/bx/n on input line 34.
LaTeX Font Info:    Overwriting math alphabet `\mathbf' in version `bold'
(Font)                  OT1/cmr/bx/n --> OT1/ptm/bx/n on input line 34.
LaTeX Font Info:    Redeclaring math alphabet \mathit on input line 35.
LaTeX Font Info:    Overwriting math alphabet `\mathit' in version `normal'
(Font)                  OT1/cmr/m/it --> OT1/ptm/m/it on input line 35.
LaTeX Font Info:    Overwriting math alphabet `\mathit' in version `bold'
(Font)                  OT1/cmr/bx/it --> OT1/ptm/m/it on input line 35.
LaTeX Info: Redefining \hbar on input line 50.
)
(/usr/share/texlive/texmf-dist/tex/latex/amsfonts/amssymb.sty
Package: amssymb 2013/01/14 v3.01 AMS font symbols

(/usr/share/texlive/texmf-dist/tex/latex/amsfonts/amsfonts.sty
Package: amsfonts 2013/01/14 v3.01 Basic AMSFonts support
\@emptytoks=\toks17
\symAMSa=\mathgroup6
\symAMSb=\mathgroup7
LaTeX Font Info:    Overwriting math alphabet `\mathfrak' in version `bold'
(Font)                  U/euf/m/n --> U/euf/b/n on input line 106.
))
(/usr/share/texlive/texmf-dist/tex/latex/base/fontenc.sty
Package: fontenc 2005/09/27 v1.99g Standard LaTeX package

(/usr/share/texlive/texmf-dist/tex/latex/base/t1enc.def
File: t1enc.def 2005/09/27 v1.99g Standard LaTeX file
LaTeX Font Info:    Redeclaring font encoding T1 on input line 48.
))
(/usr/share/texlive/texmf-dist/tex/latex/base/inputenc.sty
Package: inputenc 2015/03/17 v1.2c Input encoding file
\inpenc@prehook=\toks18
\inpenc@posthook=\toks19

(/usr/share/texlive/texmf-dist/tex/latex/base/utf8.def
File: utf8.def 2015/12/03 v1.1r UTF-8 support for inputenc
Now handling font encoding OML ...
... no UTF-8 mapping file for font encoding OML
Now handling font encoding T1 ...
... processing UTF-8 mapping file for font encoding T1

(/usr/share/texlive/texmf-dist/tex/latex/base/t1enc.dfu
File: t1enc.dfu 2015/12/03 v1.1r UTF-8 support for inputenc
   defining Unicode char U+00A0 (decimal 160)
   defining Unicode char U+00A1 (decimal 161)
   defining Unicode char U+00A3 (decimal 163)
   defining Unicode char U+00AB (decimal 171)
   defining Unicode char U+00AD (decimal 173)
   defining Unicode char U+00BB (decimal 187)
   defining Unicode char U+00BF (decimal 191)
   defining Unicode char U+00C0 (decimal 192)
   defining Unicode char U+00C1 (decimal 193)
   defining Unicode char U+00C2 (decimal 194)
   defining Unicode char U+00C3 (decimal 195)
   defining Unicode char U+00C4 (decimal 196)
   defining Unicode char U+00C5 (decimal 197)
   defining Unicode char U+00C6 (decimal 198)
   defining Unicode char U+00C7 (decimal 199)
   defining Unicode char U+00C8 (decimal 200)
   defining Unicode char U+00C9 (decimal 201)
   defining Unicode char U+00CA (decimal 202)
   defining Unicode char U+00CB (decimal 203)
   defining Unicode char U+00CC (decimal 204)
   defining Unicode char U+00CD (decimal 205)
   defining Unicode char U+00CE (decimal 206)
   defining Unicode char U+00CF (decimal 207)
   defining Unicode char U+00D0 (decimal 208)
   defining Unicode char U+00D1 (decimal 209)
   defining Unicode char U+00D2 (decimal 210)
   defining Unicode char U+00D3 (decimal 211)
   defining Unicode char U+00D4 (decimal 212)
   defining Unicode char U+00D5 (decimal 213)
   defining Unicode char U+00D6 (decimal 214)
   defining Unicode char U+00D8 (decimal 216)
   defining Unicode char U+00D9 (decimal 217)
   defining Unicode char U+00DA (decimal 218)
   defining Unicode char U+00DB (decimal 219)
   defining Unicode char U+00DC (decimal 220)
   defining Unicode char U+00DD (decimal 221)
   defining Unicode char U+00DE (decimal 222)
   defining Unicode char U+00DF (decimal 223)
   defining Unicode char U+00E0 (decimal 224)
   defining Unicode char U+00E1 (decimal 225)
   defining Unicode char U+00E2 (decimal 226)
   defining Unicode char U+00E3 (decimal 227)
   defining Unicode char U+00E4 (decimal 228)
   defining Unicode char U+00E5 (decimal 229)
   defining Unicode char U+00E6 (decimal 230)
   defining Unicode char U+00E7 (decimal 231)
   defining Unicode char U+00E8 (decimal 232)
   defining Unicode char U+00E9 (decimal 233)
   defining Unicode char U+00EA (decimal 234)
   defining Unicode char U+00EB (decimal 235)
   defining Unicode char U+00EC (decimal 236)
   defining Unicode char U+00ED (decimal 237)
   defining Unicode char U+00EE (decimal 238)
   defining Unicode char U+00EF (decimal 239)
   defining Unicode char U+00F0 (decimal 240)
   defining Unicode char U+00F1 (decimal 241)
   defining Unicode char U+00F2 (decimal 242)
   defining Unicode char U+00F3 (decimal 243)
   defining Unicode char U+00F4 (decimal 244)
   defining Unicode char U+00F5 (decimal 245)
   defining Unicode char U+00F6 (decimal 246)
   defining Unicode char U+00F8 (decimal 248)
   defining Unicode char U+00F9 (decimal 249)
   defining Unicode char U+00FA (decimal 250)
   defining Unicode char U+00FB (decimal 251)
   defining Unicode char U+00FC (decimal 252)
   defining Unicode char U+00FD (decimal 253)
   defining Unicode char U+00FE (decimal 254)
   defining Unicode char U+00FF (decimal 255)
   defining Unicode char U+0100 (decimal 256)
   defining Unicode char U+0101 (decimal 257)
   defining Unicode char U+0102 (decimal 258)
   defining Unicode char U+0103 (decimal 259)
   defining Unicode char U+0104 (decimal 260)
   defining Unicode char U+0105 (decimal 261)
   defining Unicode char U+0106 (decimal 262)
   defining Unicode char U+0107 (decimal 263)
   defining Unicode char U+0108 (decimal 264)
   defining Unicode char U+0109 (decimal 265)
   defining Unicode char U+010A (decimal 266)
   defining Unicode char U+010B (decimal 267)
   defining Unicode char U+010C (decimal 268)
   defining Unicode char U+010D (decimal 269)
   defining Unicode char U+010E (decimal 270)
   defining Unicode char U+010F (decimal 271)
   defining Unicode char U+0110 (decimal 272)
   defining Unicode char U+0111 (decimal 273)
   defining Unicode char U+0112 (decimal 274)
   defining Unicode char U+0113 (decimal 275)
   defining Unicode char U+0114 (decimal 276)
   defining Unicode char U+0115 (decimal 277)
   defining Unicode char U+0116 (decimal 278)
   defining Unicode char U+0117 (decimal 279)
   defining Unicode char U+0118 (decimal 280)
   defining Unicode char U+0119 (decimal 281)
   defining Unicode char U+011A (decimal 282)
   defining Unicode char U+011B (decimal 283)
   defining Unicode char U+011C (decimal 284)
   defining Unicode char U+011D (decimal 285)
   defining Unicode char U+011E (decimal 286)
   defining Unicode char U+011F (decimal 287)
   defining Unicode char U+0120 (decimal 288)
   defining Unicode char U+0121 (decimal 289)
   defining Unicode char U+0122 (decimal 290)
   defining Unicode char U+0123 (decimal 291)
   defining Unicode char U+0124 (decimal 292)
   defining Unicode char U+0125 (decimal 293)
   defining Unicode char U+0128 (decimal 296)
   defining Unicode char U+0129 (decimal 297)
   defining Unicode char U+012A (decimal 298)
   defining Unicode char U+012B (decimal 299)
   defining Unicode char U+012C (decimal 300)
   defining Unicode char U+012D (decimal 301)
   defining Unicode char U+012E (decimal 302)
   defining Unicode char U+012F (decimal 303)
   defining Unicode char U+0130 (decimal 304)
   defining Unicode char U+0131 (decimal 305)
   defining Unicode char U+0132 (decimal 306)
   defining Unicode char U+0133 (decimal 307)
   defining Unicode char U+0134 (decimal 308)
   defining Unicode char U+0135 (decimal 309)
   defining Unicode char U+0136 (decimal 310)
   defining Unicode char U+0137 (decimal 311)
   defining Unicode char U+0139 (decimal 313)
   defining Unicode char U+013A (decimal 314)
   defining Unicode char U+013B (decimal 315)
   defining Unicode char U+013C (decimal 316)
   defining Unicode char U+013D (decimal 317)
   defining Unicode char U+013E (decimal 318)
   defining Unicode char U+0141 (decimal 321)
   defining Unicode char U+0142 (decimal 322)
   defining Unicode char U+0143 (decimal 323)
   defining Unicode char U+0144 (decimal 324)
   defining Unicode char U+0145 (decimal 325)
   defining Unicode char U+0146 (decimal 326)
   defining Unicode char U+0147 (decimal 327)
   defining Unicode char U+0148 (decimal 328)
   defining Unicode char U+014A (decimal 330)
   defining Unicode char U+014B (decimal 331)
   defining Unicode char U+014C (decimal 332)
   defining Unicode char U+014D (decimal 333)
   defining Unicode char U+014E (decimal 334)
   defining Unicode char U+014F (decimal 335)
   defining Unicode char U+0150 (decimal 336)
   defining Unicode char U+0151 (decimal 337)
   defining Unicode char U+0152 (decimal 338)
   defining Unicode char U+0153 (decimal 339)
   defining Unicode char U+0154 (decimal 340)
   defining Unicode char U+0155 (decimal 341)
   defining Unicode char U+0156 (decimal 342)
   defining Unicode char U+0157 (decimal 343)
   defining Unicode char U+0158 (decimal 344)
   defining Unicode char U+0159 (decimal 345)
   defining Unicode char U+015A (decimal 346)
   defining Unicode char U+015B (decimal 347)
   defining Unicode char U+015C (decimal 348)
   defining Unicode char U+015D (decimal 349)
   defining Unicode char U+015E (decimal 350)
   defining Unicode char U+015F (decimal 351)
   defining Unicode char U+0160 (decimal 352)
   defining Unicode char U+0161 (decimal 353)
   defining Unicode char U+0162 (decimal 354)
   defining Unicode char U+0163 (decimal 355)
   defining Unicode char U+0164 (decimal 356)
   defining Unicode char U+0165 (decimal 357)
   defining Unicode char U+0168 (decimal 360)
   defining Unicode char U+0169 (decimal 361)
   defining Unicode char U+016A (decimal 362)
   defining Unicode char U+016B (decimal 363)
   defining Unicode char U+016C (decimal 364)
   defining Unicode char U+016D (decimal 365)
   defining Unicode char U+016E (decimal 366)
   defining Unicode char U+016F (decimal 367)
   defining Unicode char U+0170 (decimal 368)
   defining Unicode char U+0171 (decimal 369)
   defining Unicode char U+0172 (decimal 370)
   defining Unicode char U+0173 (decimal 371)
   defining Unicode char U+0174 (decimal 372)
   defining Unicode char U+0175 (decimal 373)
   defining Unicode char U+0176 (decimal 374)
   defining Unicode char U+0177 (decimal 375)
   defining Unicode char U+0178 (decimal 376)
   defining Unicode char U+0179 (decimal 377)
   defining Unicode char U+017A (decimal 378)
   defining Unicode char U+017B (decimal 379)
   defining Unicode char U+017C (decimal 380)
   defining Unicode char U+017D (decimal 381)
   defining Unicode char U+017E (decimal 382)
   defining Unicode char U+01CD (decimal 461)
   defining Unicode char U+01CE (decimal 462)
   defining Unicode char U+01CF (decimal 463)
   defining Unicode char U+01D0 (decimal 464)
   defining Unicode char U+01D1 (decimal 465)
   defining Unicode char U+01D2 (decimal 466)
   defining Unicode char U+01D3 (decimal 467)
   defining Unicode char U+01D4 (decimal 468)
   defining Unicode char U+01E2 (decimal 482)
   defining Unicode char U+01E3 (decimal 483)
   defining Unicode char U+01E6 (decimal 486)
   defining Unicode char U+01E7 (decimal 487)
   defining Unicode char U+01E8 (decimal 488)
   defining Unicode char U+01E9 (decimal 489)
   defining Unicode char U+01EA (decimal 490)
   defining Unicode char U+01EB (decimal 491)
   defining Unicode char U+01F0 (decimal 496)
   defining Unicode char U+01F4 (decimal 500)
   defining Unicode char U+01F5 (decimal 501)
   defining Unicode char U+0218 (decimal 536)
   defining Unicode char U+0219 (decimal 537)
   defining Unicode char U+021A (decimal 538)
   defining Unicode char U+021B (decimal 539)
   defining Unicode char U+01E02 (decimal 7682)
   defining Unicode char U+01E03 (decimal 7683)
   defining Unicode char U+200C (decimal 8204)
   defining Unicode char U+2013 (decimal 8211)
   defining Unicode char U+2014 (decimal 8212)
   defining Unicode char U+2018 (decimal 8216)
   defining Unicode char U+2019 (decimal 8217)
   defining Unicode char U+201A (decimal 8218)
   defining Unicode char U+201C (decimal 8220)
   defining Unicode char U+201D (decimal 8221)
   defining Unicode char U+201E (decimal 8222)
   defining Unicode char U+2030 (decimal 8240)
   defining Unicode char U+2031 (decimal 8241)
   defining Unicode char U+2039 (decimal 8249)
   defining Unicode char U+203A (decimal 8250)
   defining Unicode char U+2423 (decimal 9251)
)
Now handling font encoding OT1 ...
... processing UTF-8 mapping file for font encoding OT1

(/usr/share/texlive/texmf-dist/tex/latex/base/ot1enc.dfu
File: ot1enc.dfu 2015/12/03 v1.1r UTF-8 support for inputenc
   defining Unicode char U+00A0 (decimal 160)
   defining Unicode char U+00A1 (decimal 161)
   defining Unicode char U+00A3 (decimal 163)
   defining Unicode char U+00AD (decimal 173)
   defining Unicode char U+00B8 (decimal 184)
   defining Unicode char U+00BF (decimal 191)
   defining Unicode char U+00C5 (decimal 197)
   defining Unicode char U+00C6 (decimal 198)
   defining Unicode char U+00D8 (decimal 216)
   defining Unicode char U+00DF (decimal 223)
   defining Unicode char U+00E6 (decimal 230)
   defining Unicode char U+00EC (decimal 236)
   defining Unicode char U+00ED (decimal 237)
   defining Unicode char U+00EE (decimal 238)
   defining Unicode char U+00EF (decimal 239)
   defining Unicode char U+00F8 (decimal 248)
   defining Unicode char U+0131 (decimal 305)
   defining Unicode char U+0141 (decimal 321)
   defining Unicode char U+0142 (decimal 322)
   defining Unicode char U+0152 (decimal 338)
   defining Unicode char U+0153 (decimal 339)
   defining Unicode char U+0174 (decimal 372)
   defining Unicode char U+0175 (decimal 373)
   defining Unicode char U+0176 (decimal 374)
   defining Unicode char U+0177 (decimal 375)
   defining Unicode char U+0218 (decimal 536)
   defining Unicode char U+0219 (decimal 537)
   defining Unicode char U+021A (decimal 538)
   defining Unicode char U+021B (decimal 539)
   defining Unicode char U+2013 (decimal 8211)
   defining Unicode char U+2014 (decimal 8212)
   defining Unicode char U+2018 (decimal 8216)
   defining Unicode char U+2019 (decimal 8217)
   defining Unicode char U+201C (decimal 8220)
   defining Unicode char U+201D (decimal 8221)
)
Now handling font encoding OMS ...
... processing UTF-8 mapping file for font encoding OMS

(/usr/share/texlive/texmf-dist/tex/latex/base/omsenc.dfu
File: omsenc.dfu 2015/12/03 v1.1r UTF-8 support for inputenc
   defining Unicode char U+00A7 (decimal 167)
   defining Unicode char U+00B6 (decimal 182)
   defining Unicode char U+00B7 (decimal 183)
   defining Unicode char U+2020 (decimal 8224)
   defining Unicode char U+2021 (decimal 8225)
   defining Unicode char U+2022 (decimal 8226)
)
Now handling font encoding OMX ...
... no UTF-8 mapping file for font encoding OMX
Now handling font encoding U ...
... no UTF-8 mapping file for font encoding U
   defining Unicode char U+00A9 (decimal 169)
   defining Unicode char U+00AA (decimal 170)
   defining Unicode char U+00AE (decimal 174)
   defining Unicode char U+00BA (decimal 186)
   defining Unicode char U+02C6 (decimal 710)
   defining Unicode char U+02DC (decimal 732)
   defining Unicode char U+200C (decimal 8204)
   defining Unicode char U+2026 (decimal 8230)
   defining Unicode char U+2122 (decimal 8482)
   defining Unicode char U+2423 (decimal 9251)
))
(/usr/share/texlive/texmf-dist/tex/latex/graphics/color.sty
Package: color 2016/01/03 v1.1b Standard LaTeX Color (DPC)

(/usr/share/texlive/texmf-dist/tex/latex/latexconfig/color.cfg
File: color.cfg 2007/01/18 v1.5 color configuration of teTeX/TeXLive
)
Package color Info: Driver file: pdftex.def on input line 143.

(/usr/share/texlive/texmf-dist/tex/latex/pdftex-def/pdftex.def
File: pdftex.def 2011/05/27 v0.06d Graphics/color for pdfTeX

(/usr/share/texlive/texmf-dist/tex/generic/oberdiek/infwarerr.sty
Package: infwarerr 2010/04/08 v1.3 Providing info/warning/error messages (HO)
)
(/usr/share/texlive/texmf-dist/tex/generic/oberdiek/ltxcmds.sty
Package: ltxcmds 2011/11/09 v1.22 LaTeX kernel commands for general use (HO)
)
\Gread@gobject=\count99
))
(/usr/share/texlive/texmf-dist/tex/generic/babel/babel.sty
Package: babel 2016/02/24 3.9q The Babel package

(/usr/share/texlive/texmf-dist/tex/generic/babel-english/english.ldf
Language: english 2012/08/20 v3.3p English support from the babel system

(/usr/share/texlive/texmf-dist/tex/generic/babel/babel.def
File: babel.def 2016/02/24 3.9q Babel common definitions
\babel@savecnt=\count100
\U@D=\dimen115
)
\l@canadian = a dialect from \language\l@american 
\l@australian = a dialect from \language\l@british 
\l@newzealand = a dialect from \language\l@british 
))
(/usr/share/texlive/texmf-dist/tex/latex/url/url.sty
\Urlmuskip=\muskip10
Package: url 2013/09/16  ver 3.4  Verb mode for urls, etc.
)
(/usr/share/texlive/texmf-dist/tex/latex/graphics/graphicx.sty
Package: graphicx 2014/10/28 v1.0g Enhanced LaTeX Graphics (DPC,SPQR)

(/usr/share/texlive/texmf-dist/tex/latex/graphics/graphics.sty
Package: graphics 2016/01/03 v1.0q Standard LaTeX Graphics (DPC,SPQR)

(/usr/share/texlive/texmf-dist/tex/latex/graphics/trig.sty
Package: trig 2016/01/03 v1.10 sin cos tan (DPC)
)
(/usr/share/texlive/texmf-dist/tex/latex/latexconfig/graphics.cfg
File: graphics.cfg 2010/04/23 v1.9 graphics configuration of TeX Live
)
Package graphics Info: Driver file: pdftex.def on input line 95.
)
\Gin@req@height=\dimen116
\Gin@req@width=\dimen117
)
(/usr/share/texlive/texmf-dist/tex/latex/setspace/setspace.sty
Package: setspace 2011/12/19 v6.7a set line spacing
)
(/usr/share/texlive/texmf-dist/tex/latex/esint/esint.sty
Package: esint 
\symlargesymbolsA=\mathgroup8
)
(/usr/share/texlive/texmf-dist/tex/latex/hyperref/hyperref.sty
Package: hyperref 2012/11/06 v6.83m Hypertext links for LaTeX

(/usr/share/texlive/texmf-dist/tex/generic/oberdiek/hobsub-hyperref.sty
Package: hobsub-hyperref 2012/05/28 v1.13 Bundle oberdiek, subset hyperref (HO)


(/usr/share/texlive/texmf-dist/tex/generic/oberdiek/hobsub-generic.sty
Package: hobsub-generic 2012/05/28 v1.13 Bundle oberdiek, subset generic (HO)
Package: hobsub 2012/05/28 v1.13 Construct package bundles (HO)
Package hobsub Info: Skipping package `infwarerr' (already loaded).
Package hobsub Info: Skipping package `ltxcmds' (already loaded).
Package: ifluatex 2010/03/01 v1.3 Provides the ifluatex switch (HO)
Package ifluatex Info: LuaTeX not detected.
Package hobsub Info: Skipping package `ifvtex' (already loaded).
Package: intcalc 2007/09/27 v1.1 Expandable calculations with integers (HO)
Package hobsub Info: Skipping package `ifpdf' (already loaded).
Package: etexcmds 2011/02/16 v1.5 Avoid name clashes with e-TeX commands (HO)
Package etexcmds Info: Could not find \expanded.
(etexcmds)             That can mean that you are not using pdfTeX 1.50 or
(etexcmds)             that some package has redefined \expanded.
(etexcmds)             In the latter case, load this package earlier.
Package: kvsetkeys 2012/04/25 v1.16 Key value parser (HO)
Package: kvdefinekeys 2011/04/07 v1.3 Define keys (HO)
Package: pdftexcmds 2011/11/29 v0.20 Utility functions of pdfTeX for LuaTeX (HO
)
Package pdftexcmds Info: LuaTeX not detected.
Package pdftexcmds Info: \pdf@primitive is available.
Package pdftexcmds Info: \pdf@ifprimitive is available.
Package pdftexcmds Info: \pdfdraftmode found.
Package: pdfescape 2011/11/25 v1.13 Implements pdfTeX's escape features (HO)
Package: bigintcalc 2012/04/08 v1.3 Expandable calculations on big integers (HO
)
Package: bitset 2011/01/30 v1.1 Handle bit-vector datatype (HO)
Package: uniquecounter 2011/01/30 v1.2 Provide unlimited unique counter (HO)
)
Package hobsub Info: Skipping package `hobsub' (already loaded).
Package: letltxmacro 2010/09/02 v1.4 Let assignment for LaTeX macros (HO)
Package: hopatch 2012/05/28 v1.2 Wrapper for package hooks (HO)
Package: xcolor-patch 2011/01/30 xcolor patch
Package: atveryend 2011/06/30 v1.8 Hooks at the very end of document (HO)
Package atveryend Info: \enddocument detected (standard20110627).
Package: atbegshi 2011/10/05 v1.16 At begin shipout hook (HO)
Package: refcount 2011/10/16 v3.4 Data extraction from label references (HO)
Package: hycolor 2011/01/30 v1.7 Color options for hyperref/bookmark (HO)
)
(/usr/share/texlive/texmf-dist/tex/latex/oberdiek/auxhook.sty
Package: auxhook 2011/03/04 v1.3 Hooks for auxiliary files (HO)
)
(/usr/share/texlive/texmf-dist/tex/latex/oberdiek/kvoptions.sty
Package: kvoptions 2011/06/30 v3.11 Key value format for package options (HO)
)
\@linkdim=\dimen118
\Hy@linkcounter=\count101
\Hy@pagecounter=\count102

(/usr/share/texlive/texmf-dist/tex/latex/hyperref/pd1enc.def
File: pd1enc.def 2012/11/06 v6.83m Hyperref: PDFDocEncoding definition (HO)
Now handling font encoding PD1 ...
... no UTF-8 mapping file for font encoding PD1
)
\Hy@SavedSpaceFactor=\count103

(/usr/share/texlive/texmf-dist/tex/latex/latexconfig/hyperref.cfg
File: hyperref.cfg 2002/06/06 v1.2 hyperref configuration of TeXLive
)
Package hyperref Info: Option `unicode' set `true' on input line 4319.

(/usr/share/texlive/texmf-dist/tex/latex/hyperref/puenc.def
File: puenc.def 2012/11/06 v6.83m Hyperref: PDF Unicode definition (HO)
Now handling font encoding PU ...
... no UTF-8 mapping file for font encoding PU
)
Package hyperref Info: Option `bookmarks' set `true' on input line 4319.
Package hyperref Info: Option `bookmarksnumbered' set `false' on input line 431
9.
Package hyperref Info: Option `bookmarksopen' set `false' on input line 4319.
Package hyperref Info: Option `breaklinks' set `true' on input line 4319.
Package hyperref Info: Option `colorlinks' set `true' on input line 4319.
Package hyperref Info: Hyper figures OFF on input line 4443.
Package hyperref Info: Link nesting OFF on input line 4448.
Package hyperref Info: Hyper index ON on input line 4451.
Package hyperref Info: Plain pages OFF on input line 4458.
Package hyperref Info: Backreferencing OFF on input line 4463.
Package hyperref Info: Implicit mode ON; LaTeX internals redefined.
Package hyperref Info: Bookmarks ON on input line 4688.
\c@Hy@tempcnt=\count104
LaTeX Info: Redefining \url on input line 5041.
\XeTeXLinkMargin=\dimen119
\Fld@menulength=\count105
\Field@Width=\dimen120
\Fld@charsize=\dimen121
Package hyperref Info: Hyper figures OFF on input line 6295.
Package hyperref Info: Link nesting OFF on input line 6300.
Package hyperref Info: Hyper index ON on input line 6303.
Package hyperref Info: backreferencing OFF on input line 6310.
Package hyperref Info: Link coloring ON on input line 6313.
Package hyperref Info: Link coloring with OCG OFF on input line 6320.
Package hyperref Info: PDF/A mode OFF on input line 6325.
LaTeX Info: Redefining \ref on input line 6365.
LaTeX Info: Redefining \pageref on input line 6369.
\Hy@abspage=\count106
\c@Item=\count107
\c@Hfootnote=\count108
)

Package hyperref Message: Driver (autodetected): hpdftex.

(/usr/share/texlive/texmf-dist/tex/latex/hyperref/hpdftex.def
File: hpdftex.def 2012/11/06 v6.83m Hyperref driver for pdfTeX
\Fld@listcount=\count109
\c@bookmark@seq@number=\count110

(/usr/share/texlive/texmf-dist/tex/latex/oberdiek/rerunfilecheck.sty
Package: rerunfilecheck 2011/04/15 v1.7 Rerun checks for auxiliary files (HO)
Package uniquecounter Info: New unique counter `rerunfilecheck' on input line 2
82.
)
\Hy@SectionHShift=\skip43
)
(/usr/share/texlive/texmf-dist/tex/latex/tools/dcolumn.sty
Package: dcolumn 2014/10/28 v1.06 decimal alignment package (DPC)

(/usr/share/texlive/texmf-dist/tex/latex/tools/array.sty
Package: array 2014/10/28 v2.4c Tabular extension package (FMi)
\col@sep=\dimen122
\extrarowheight=\dimen123
\NC@list=\toks20
\extratabsurround=\skip44
\backup@length=\skip45
))
(/usr/share/texlive/texmf-dist/tex/latex/booktabs/booktabs.sty
Package: booktabs 2005/04/14 v1.61803 publication quality tables
\heavyrulewidth=\dimen124
\lightrulewidth=\dimen125
\cmidrulewidth=\dimen126
\belowrulesep=\dimen127
\belowbottomsep=\dimen128
\aboverulesep=\dimen129
\abovetopsep=\dimen130
\cmidrulesep=\dimen131
\cmidrulekern=\dimen132
\defaultaddspace=\dimen133
\@cmidla=\count111
\@cmidlb=\count112
\@aboverulesep=\dimen134
\@belowrulesep=\dimen135
\@thisruleclass=\count113
\@lastruleclass=\count114
\@thisrulewidth=\dimen136
)
(/usr/share/texlive/texmf-dist/tex/latex/subfig/subfig.sty
Package: subfig 2005/06/28 ver: 1.3 subfig package

(/usr/share/texlive/texmf-dist/tex/latex/caption/caption.sty
Package: caption 2016/02/21 v3.3-144 Customizing captions (AR)

(/usr/share/texlive/texmf-dist/tex/latex/caption/caption3.sty
Package: caption3 2016/02/04 v1.7-139 caption3 kernel (AR)
Package caption3 Info: TeX engine: e-TeX on input line 67.
\captionmargin=\dimen137
\captionmargin@=\dimen138
\captionwidth=\dimen139
\caption@tempdima=\dimen140
\caption@indent=\dimen141
\caption@parindent=\dimen142
\caption@hangindent=\dimen143
)
\c@ContinuedFloat=\count115
Package caption Info: hyperref package is loaded.
Package caption Info: listings package is loaded.
)
\c@KVtest=\count116
\sf@farskip=\skip46
\sf@captopadj=\dimen144
\sf@capskip=\skip47
\sf@nearskip=\skip48
\c@subfigure=\count117
\c@subfigure@save=\count118
\c@lofdepth=\count119
\c@subtable=\count120
\c@subtable@save=\count121
\c@lotdepth=\count122
\sf@top=\skip49
\sf@bottom=\skip50
)
(./thesis-ku.aux (./Chapter1/Chapter-1.aux) (./Chapter2/Chapter-2.aux

LaTeX Warning: Label `fig:pk3' multiply defined.

) (./Chapter3/Chapter-3.aux) (./Chapter4/Chapter-4.aux)
(./Chapter5/Chapter-5.aux) (./Chapter6/Chapter-6.aux) (./Chapter7/Chapter-7.aux
) (./Chapter8/Chapter-8.aux) (./Appendix1/Appendix1.aux))
\openout1 = `thesis-ku.aux'.

LaTeX Font Info:    Checking defaults for OML/cmm/m/it on input line 94.
LaTeX Font Info:    ... okay on input line 94.
LaTeX Font Info:    Checking defaults for T1/cmr/m/n on input line 94.
LaTeX Font Info:    ... okay on input line 94.
LaTeX Font Info:    Checking defaults for OT1/cmr/m/n on input line 94.
LaTeX Font Info:    ... okay on input line 94.
LaTeX Font Info:    Checking defaults for OMS/cmsy/m/n on input line 94.
LaTeX Font Info:    ... okay on input line 94.
LaTeX Font Info:    Checking defaults for OMX/cmex/m/n on input line 94.
LaTeX Font Info:    ... okay on input line 94.
LaTeX Font Info:    Checking defaults for U/cmr/m/n on input line 94.
LaTeX Font Info:    ... okay on input line 94.
LaTeX Font Info:    Checking defaults for PD1/pdf/m/n on input line 94.
LaTeX Font Info:    ... okay on input line 94.
LaTeX Font Info:    Checking defaults for PU/pdf/m/n on input line 94.
LaTeX Font Info:    ... okay on input line 94.
LaTeX Font Info:    Try loading font information for T1+ptm on input line 94.

(/usr/share/texlive/texmf-dist/tex/latex/psnfss/t1ptm.fd
File: t1ptm.fd 2001/06/04 font definitions for T1/ptm.
)
*geometry* driver: auto-detecting
*geometry* detected driver: pdftex
*geometry* verbose mode - [ preamble ] result:
* driver: pdftex
* paper: <default>
* layout: <same size as paper>
* layoutoffset:(h,v)=(0.0pt,0.0pt)
* modes: 
* h-part:(L,W,R)=(72.26999pt, 469.75502pt, 72.26999pt)
* v-part:(T,H,B)=(72.26999pt, 650.43001pt, 72.26999pt)
* \paperwidth=614.295pt
* \paperheight=794.96999pt
* \textwidth=469.75502pt
* \textheight=650.43001pt
* \oddsidemargin=0.0pt
* \evensidemargin=0.0pt
* \topmargin=-37.0pt
* \headheight=12.0pt
* \headsep=25.0pt
* \topskip=12.0pt
* \footskip=30.0pt
* \marginparwidth=44.0pt
* \marginparsep=10.0pt
* \columnsep=10.0pt
* \skip\footins=10.8pt plus 4.0pt minus 2.0pt
* \hoffset=0.0pt
* \voffset=0.0pt
* \mag=1000
* \@twocolumnfalse
* \@twosidefalse
* \@mparswitchfalse
* \@reversemarginfalse
* (1in=72.27pt=25.4mm, 1cm=28.453pt)

\c@lstlisting=\count123
\big@size=\dimen145
(/usr/share/texlive/texmf-dist/tex/context/base/supp-pdf.mkii
[Loading MPS to PDF converter (version 2006.09.02).]
\scratchcounter=\count124
\scratchdimen=\dimen146
\scratchbox=\box28
\nofMPsegments=\count125
\nofMParguments=\count126
\everyMPshowfont=\toks21
\MPscratchCnt=\count127
\MPscratchDim=\dimen147
\MPnumerator=\count128
\makeMPintoPDFobject=\count129
\everyMPtoPDFconversion=\toks22
) (/usr/share/texlive/texmf-dist/tex/latex/oberdiek/epstopdf-base.sty
Package: epstopdf-base 2010/02/09 v2.5 Base part for package epstopdf

(/usr/share/texlive/texmf-dist/tex/latex/oberdiek/grfext.sty
Package: grfext 2010/08/19 v1.1 Manage graphics extensions (HO)
)
Package grfext Info: Graphics extension search list:
(grfext)             [.png,.pdf,.jpg,.mps,.jpeg,.jbig2,.jb2,.PNG,.PDF,.JPG,.JPE
G,.JBIG2,.JB2,.eps]
(grfext)             \AppendGraphicsExtensions on input line 452.

(/usr/share/texlive/texmf-dist/tex/latex/latexconfig/epstopdf-sys.cfg
File: epstopdf-sys.cfg 2010/07/13 v1.3 Configuration of (r)epstopdf for TeX Liv
e
))
\AtBeginShipoutBox=\box29
Package hyperref Info: Link coloring ON on input line 94.

(/usr/share/texlive/texmf-dist/tex/latex/hyperref/nameref.sty
Package: nameref 2012/10/27 v2.43 Cross-referencing by name of section

(/usr/share/texlive/texmf-dist/tex/generic/oberdiek/gettitlestring.sty
Package: gettitlestring 2010/12/03 v1.4 Cleanup title references (HO)
)
\c@section@level=\count130
)
LaTeX Info: Redefining \ref on input line 94.
LaTeX Info: Redefining \pageref on input line 94.
LaTeX Info: Redefining \nameref on input line 94.

(./thesis-ku.out) (./thesis-ku.out)
\@outlinefile=\write3
\openout3 = `thesis-ku.out'.

Package caption Info: Begin \AtBeginDocument code.
Package caption Info: subfig package v1.3 is loaded.
Package caption Info: End \AtBeginDocument code.
LaTeX Font Info:    Font shape `T1/ptm/bx/n' in size <17.28> not available
(Font)              Font shape `T1/ptm/b/n' tried instead on input line 103.
LaTeX Font Info:    Try loading font information for OT1+ztmcm on input line 10
3.

(/usr/share/texlive/texmf-dist/tex/latex/psnfss/ot1ztmcm.fd
File: ot1ztmcm.fd 2000/01/03 Fontinst v1.801 font definitions for OT1/ztmcm.
)
LaTeX Font Info:    Try loading font information for OML+ztmcm on input line 10
3.

(/usr/share/texlive/texmf-dist/tex/latex/psnfss/omlztmcm.fd
File: omlztmcm.fd 2000/01/03 Fontinst v1.801 font definitions for OML/ztmcm.
)
LaTeX Font Info:    Try loading font information for OMS+ztmcm on input line 10
3.

(/usr/share/texlive/texmf-dist/tex/latex/psnfss/omsztmcm.fd
File: omsztmcm.fd 2000/01/03 Fontinst v1.801 font definitions for OMS/ztmcm.
)
LaTeX Font Info:    Try loading font information for OMX+ztmcm on input line 10
3.

(/usr/share/texlive/texmf-dist/tex/latex/psnfss/omxztmcm.fd
File: omxztmcm.fd 2000/01/03 Fontinst v1.801 font definitions for OMX/ztmcm.
)
LaTeX Font Info:    Try loading font information for OT1+ptm on input line 103.


(/usr/share/texlive/texmf-dist/tex/latex/psnfss/ot1ptm.fd
File: ot1ptm.fd 2001/06/04 font definitions for OT1/ptm.
)
LaTeX Font Info:    Font shape `OT1/ptm/bx/n' in size <17.28> not available
(Font)              Font shape `OT1/ptm/b/n' tried instead on input line 103.
LaTeX Font Info:    Font shape `OT1/ptm/bx/n' in size <12> not available
(Font)              Font shape `OT1/ptm/b/n' tried instead on input line 103.
LaTeX Font Info:    Font shape `OT1/ptm/bx/n' in size <10> not available
(Font)              Font shape `OT1/ptm/b/n' tried instead on input line 103.
LaTeX Font Info:    Try loading font information for U+esint on input line 103.


(/usr/share/texlive/texmf-dist/tex/latex/esint/uesint.fd
File: uesint.fd 
)
LaTeX Font Info:    Font shape `OT1/ptm/bx/n' in size <9> not available
(Font)              Font shape `OT1/ptm/b/n' tried instead on input line 103.
LaTeX Font Info:    Font shape `OT1/ptm/bx/n' in size <7> not available
(Font)              Font shape `OT1/ptm/b/n' tried instead on input line 103.
 [1



{/var/lib/texmf/fonts/map/pdftex/updmap/pdftex.map}]
Underfull \hbox (badness 10000) in paragraph at lines 103--103

 []

[2] [3

] [4

] (./thesis-ku.toc
LaTeX Font Info:    Font shape `T1/ptm/bx/n' in size <12> not available
(Font)              Font shape `T1/ptm/b/n' tried instead on input line 2.
 [5

] [6])
\tf@toc=\write4
\openout4 = `thesis-ku.toc'.

 [7] (./thesis-ku.lof [8

])
\tf@lof=\write5
\openout5 = `thesis-ku.lof'.

 [9]
(./thesis-ku.lot)
\tf@lot=\write6
\openout6 = `thesis-ku.lot'.

 [10

]
\openout2 = `Chapter1/Chapter-1.aux'.

 (./Chapter1/Chapter-1.tex
Chapter 1.
LaTeX Font Info:    Font shape `T1/ptm/bx/n' in size <14.4> not available
(Font)              Font shape `T1/ptm/b/n' tried instead on input line 5.
[1



]
<Chapter1/importfigs/Feynman_Diagram_Components.png, id=393, 762.85pt x 720.692
5pt>
File: Chapter1/importfigs/Feynman_Diagram_Components.png Graphic file (type png
)
 <use Chapter1/importfigs/Feynman_Diagram_Components.png>
Package pdftex.def Info: Chapter1/importfigs/Feynman_Diagram_Components.png use
d on input line 25.
(pdftex.def)             Requested size: 289.07999pt x 273.09622pt.


LaTeX Warning: `!h' float specifier changed to `!ht'.

[2] [3 <./Chapter1/importfigs/Feynman_Diagram_Components.png>]
<Chapter1/importfigs/qcd_coupling_bethke.png, id=415, 548.0475pt x 554.07pt>
File: Chapter1/importfigs/qcd_coupling_bethke.png Graphic file (type png)

<use Chapter1/importfigs/qcd_coupling_bethke.png>
Package pdftex.def Info: Chapter1/importfigs/qcd_coupling_bethke.png used on in
put line 51.
(pdftex.def)             Requested size: 289.07999pt x 292.26073pt.


LaTeX Warning: `!h' float specifier changed to `!ht'.

[4] [5 <./Chapter1/importfigs/qcd_coupling_bethke.png>]
<Chapter1/importfigs/scholarpedia_bjorken_x_qcdExp.png, id=430, 226.56645pt x 2
16.81pt>
File: Chapter1/importfigs/scholarpedia_bjorken_x_qcdExp.png Graphic file (type 
png)
 <use Chapter1/importfigs/scholarpedia_bjorken_x_qcdExp.png>
Package pdftex.def Info: Chapter1/importfigs/scholarpedia_bjorken_x_qcdExp.png 
used on input line 76.
(pdftex.def)             Requested size: 289.07999pt x 276.63254pt.
 [6 <./Chapter1/importfigs/scholarpedia_bjorken_x_qcdExp.png (PNG copy)>]
<Chapter1/importfigs/byr13.png, id=438, 563.10374pt x 364.36125pt>
File: Chapter1/importfigs/byr13.png Graphic file (type png)

<use Chapter1/importfigs/byr13.png>
Package pdftex.def Info: Chapter1/importfigs/byr13.png used on input line 89.
(pdftex.def)             Requested size: 289.07999pt x 187.05046pt.


LaTeX Warning: `!h' float specifier changed to `!ht'.

[7]
<Chapter1/importfigs/imaging_the_nucleon_upc_dijets_pres.png, id=446, 932.48375
pt x 517.935pt>
File: Chapter1/importfigs/imaging_the_nucleon_upc_dijets_pres.png Graphic file 
(type png)

<use Chapter1/importfigs/imaging_the_nucleon_upc_dijets_pres.png>
Package pdftex.def Info: Chapter1/importfigs/imaging_the_nucleon_upc_dijets_pre
s.png used on input line 102.
(pdftex.def)             Requested size: 505.89pt x 280.99263pt.

Overfull \hbox (36.13498pt too wide) in paragraph at lines 102--103
 [][] 
 []


LaTeX Warning: `!h' float specifier changed to `!ht'.

[8 <./Chapter1/importfigs/byr13.png>]
<Chapter1/importfigs/fig6_introGPD_TMD.png, id=458, 615.29875pt x 359.3425pt>
File: Chapter1/importfigs/fig6_introGPD_TMD.png Graphic file (type png)

<use Chapter1/importfigs/fig6_introGPD_TMD.png>
Package pdftex.def Info: Chapter1/importfigs/fig6_introGPD_TMD.png used on inpu
t line 113.
(pdftex.def)             Requested size: 505.89pt x 295.45232pt.

Overfull \hbox (36.13498pt too wide) in paragraph at lines 113--114
 [][] 
 []


LaTeX Warning: `!h' float specifier changed to `!ht'.

[9 <./Chapter1/importfigs/imaging_the_nucleon_upc_dijets_pres.png>]
<Chapter1/importfigs/fig4_yatta.png, id=466, 501.875pt x 308.15125pt>
File: Chapter1/importfigs/fig4_yatta.png Graphic file (type png)

<use Chapter1/importfigs/fig4_yatta.png>
Package pdftex.def Info: Chapter1/importfigs/fig4_yatta.png used on input line 
124.
(pdftex.def)             Requested size: 289.07999pt x 177.50531pt.
) [10 <./Chapter1/importfigs/fig6_introGPD_TMD.png> <./Chapter1/importfigs/fig4
_yatta.png (PNG copy)>] [11]
\openout2 = `Chapter2/Chapter-2.aux'.


(./Chapter2/Chapter-2.tex
Chapter 2.
<Chapter1/importfigs/jackson_em_wwa.png, id=477, 892.33376pt x 477.785pt>
File: Chapter1/importfigs/jackson_em_wwa.png Graphic file (type png)

<use Chapter1/importfigs/jackson_em_wwa.png>
Package pdftex.def Info: Chapter1/importfigs/jackson_em_wwa.png used on input l
ine 14.
(pdftex.def)             Requested size: 289.07999pt x 154.78253pt.
 [12



 <./Chapter1/importfigs/jackson_em_wwa.png>] [13]
<Chapter2/importfigs/aliceData1.jpeg, id=492, 664.4825pt x 431.6125pt>
File: Chapter2/importfigs/aliceData1.jpeg Graphic file (type jpg)

<use Chapter2/importfigs/aliceData1.jpeg>
Package pdftex.def Info: Chapter2/importfigs/aliceData1.jpeg used on input line
 43.
(pdftex.def)             Requested size: 289.07999pt x 187.76967pt.

<Chapter2/importfigs/patkenny_Figure_001-a.png, id=493, 845.1575pt x 597.23125p
t>
File: Chapter2/importfigs/patkenny_Figure_001-a.png Graphic file (type png)
 <use Chapter2/importfigs/patkenny_Figure_001-a.png>
Package pdftex.def Info: Chapter2/importfigs/patkenny_Figure_001-a.png used on 
input line 52.
(pdftex.def)             Requested size: 289.07999pt x 204.27707pt.


LaTeX Warning: `!h' float specifier changed to `!ht'.


<Chapter2/importfigs/patkenny_Figure_001-b.png, id=494, 845.1575pt x 597.23125p
t>
File: Chapter2/importfigs/patkenny_Figure_001-b.png Graphic file (type png)
 <use Chapter2/importfigs/patkenny_Figure_001-b.png>
Package pdftex.def Info: Chapter2/importfigs/patkenny_Figure_001-b.png used on 
input line 60.
(pdftex.def)             Requested size: 289.07999pt x 204.27707pt.


LaTeX Warning: `!h' float specifier changed to `!ht'.


<Chapter2/importfigs/patkenny_Figure_002.png, id=495, 597.23125pt x 845.1575pt>
File: Chapter2/importfigs/patkenny_Figure_002.png Graphic file (type png)
<use Chapter2/importfigs/patkenny_Figure_002.png>
Package pdftex.def Info: Chapter2/importfigs/patkenny_Figure_002.png used on in
put line 67.
(pdftex.def)             Requested size: 289.07999pt x 409.08844pt.


LaTeX Warning: `!h' float specifier changed to `!ht'.

[14 <./Chapter2/importfigs/aliceData1.jpeg>] [15 <./Chapter2/importfigs/patkenn
y_Figure_001-a.png> <./Chapter2/importfigs/patkenny_Figure_001-b.png>]
<Chapter2/importfigs/nphys4208-f1.jpg, id=507, 949.5475pt x 272.01625pt>
File: Chapter2/importfigs/nphys4208-f1.jpg Graphic file (type jpg)

<use Chapter2/importfigs/nphys4208-f1.jpg>
Package pdftex.def Info: Chapter2/importfigs/nphys4208-f1.jpg used on input lin
e 81.
(pdftex.def)             Requested size: 505.89pt x 144.92332pt.

Overfull \hbox (36.13498pt too wide) in paragraph at lines 81--82
 [][] 
 []


LaTeX Warning: `!h' float specifier changed to `!ht'.

<Chapter2/importfigs/nphys4208-f3.jpg, id=511, 949.5475pt x 417.56pt>
File: Chapter2/importfigs/nphys4208-f3.jpg Graphic file (type jpg)

<use Chapter2/importfigs/nphys4208-f3.jpg>
Package pdftex.def Info: Chapter2/importfigs/nphys4208-f3.jpg used on input lin
e 90.
(pdftex.def)             Requested size: 505.89pt x 222.46533pt.

Overfull \hbox (36.13498pt too wide) in paragraph at lines 90--91
 [][] 
 []


LaTeX Warning: `!h' float specifier changed to `!ht'.

[16 <./Chapter2/importfigs/patkenny_Figure_002.png>]
<Chapter2/importfigs/gammaGammaAtlasEvent.jpeg, id=518, 650.43pt x 431.6125pt>
File: Chapter2/importfigs/gammaGammaAtlasEvent.jpeg Graphic file (type jpg)

<use Chapter2/importfigs/gammaGammaAtlasEvent.jpeg>
Package pdftex.def Info: Chapter2/importfigs/gammaGammaAtlasEvent.jpeg used on 
input line 99.
(pdftex.def)             Requested size: 289.07999pt x 191.83315pt.


LaTeX Warning: `!h' float specifier changed to `!ht'.


Overfull \hbox (4.94865pt too wide) in paragraph at lines 108--109
\T1/ptm/m/n/12 The di-jet pho-to-pro-duc-tion cross-section, like that of vec-t
or me-son pho-to-pro-duc-tion, dis-plays diffrac-
 []

[17 <./Chapter2/importfigs/nphys4208-f1.jpg> <./Chapter2/importfigs/nphys4208-f
3.jpg>] <Chapter1/importfigs/fig1a.png, id=525, 251.94125pt x 207.77625pt>
File: Chapter1/importfigs/fig1a.png Graphic file (type png)

<use Chapter1/importfigs/fig1a.png>
Package pdftex.def Info: Chapter1/importfigs/fig1a.png used on input line 116.
(pdftex.def)             Requested size: 158.99377pt x 131.12164pt.

<Chapter1/importfigs/fig3_daniel_upc.png, id=526, 626.34pt x 417.56pt>
File: Chapter1/importfigs/fig3_daniel_upc.png Graphic file (type png)

<use Chapter1/importfigs/fig3_daniel_upc.png>
Package pdftex.def Info: Chapter1/importfigs/fig3_daniel_upc.png used on input 
line 117.
(pdftex.def)             Requested size: 216.81pt x 144.53621pt.

<Chapter1/importfigs/h1_2015_feyn.png, id=527, 573.14125pt x 354.32375pt>
File: Chapter1/importfigs/h1_2015_feyn.png Graphic file (type png)

<use Chapter1/importfigs/h1_2015_feyn.png>
Package pdftex.def Info: Chapter1/importfigs/h1_2015_feyn.png used on input lin
e 118.
(pdftex.def)             Requested size: 433.62pt x 268.07237pt.


LaTeX Warning: `!h' float specifier changed to `!ht'.

[18 <./Chapter2/importfigs/gammaGammaAtlasEvent.jpeg>] [19 <./Chapter1/importfi
gs/fig1a.png> <./Chapter1/importfigs/fig3_daniel_upc.png> <./Chapter1/importfig
s/h1_2015_feyn.png>]
<Chapter1/importfigs/fig8_h1_2015.png, id=544, 569.12625pt x 571.13374pt>
File: Chapter1/importfigs/fig8_h1_2015.png Graphic file (type png)

<use Chapter1/importfigs/fig8_h1_2015.png>
Package pdftex.def Info: Chapter1/importfigs/fig8_h1_2015.png used on input lin
e 140.
(pdftex.def)             Requested size: 216.81pt x 217.5734pt.
 [20 <./Chapter1/importfigs/fig8_h1_2015.png>]
<Chapter1/importfigs/fig7_h1_2015.png, id=552, 244.915pt x 250.9375pt>
File: Chapter1/importfigs/fig7_h1_2015.png Graphic file (type png)

<use Chapter1/importfigs/fig7_h1_2015.png>
Package pdftex.def Info: Chapter1/importfigs/fig7_h1_2015.png used on input lin
e 149.
(pdftex.def)             Requested size: 216.81pt x 222.14667pt.
) [21 <./Chapter1/importfigs/fig7_h1_2015.png>]
\openout2 = `Chapter3/Chapter-3.aux'.

 (./Chapter3/Chapter-3.tex
Chapter 3.
[22



] [23]
<Chapter3/importfigs/fromCMS_DesignPaper_perspective.png, id=568, 706.64pt x 51
0.90875pt>
File: Chapter3/importfigs/fromCMS_DesignPaper_perspective.png Graphic file (typ
e png)
 <use Chapter3/importfigs/fromCMS_DesignPaper_perspective.png>
Package pdftex.def Info: Chapter3/importfigs/fromCMS_DesignPaper_perspective.pn
g used on input line 34.
(pdftex.def)             Requested size: 289.07999pt x 209.0062pt.

<Chapter3/importfigs/Figure_001.png, id=570, 843.15pt x 596.2275pt>
File: Chapter3/importfigs/Figure_001.png Graphic file (type png)

<use Chapter3/importfigs/Figure_001.png>
Package pdftex.def Info: Chapter3/importfigs/Figure_001.png used on input line 
44.
(pdftex.def)             Requested size: 397.48499pt x 281.08214pt.


LaTeX Warning: `!h' float specifier changed to `!ht'.

[24 <./Chapter3/importfigs/fromCMS_DesignPaper_perspective.png>] [25 <./Chapter
3/importfigs/Figure_001.png>]
<Chapter3/importfigs/cms_cft_09_003_fig1.png, id=581, 718.685pt x 338.26375pt>
File: Chapter3/importfigs/cms_cft_09_003_fig1.png Graphic file (type png)

<use Chapter3/importfigs/cms_cft_09_003_fig1.png>
Package pdftex.def Info: Chapter3/importfigs/cms_cft_09_003_fig1.png used on in
put line 57.
(pdftex.def)             Requested size: 289.07999pt x 136.06183pt.
 [26 <./Chapter3/importfigs/cms_cft_09_003_fig1.png (PNG copy)>]
<Chapter3/importfigs/ecal_performance_with_examples.png, id=587, 1110.1475pt x 
346.29375pt>
File: Chapter3/importfigs/ecal_performance_with_examples.png Graphic file (type
 png)
 <use Chapter3/importfigs/ecal_performance_with_examples.png>
Package pdftex.def Info: Chapter3/importfigs/ecal_performance_with_examples.png
 used on input line 76.
(pdftex.def)             Requested size: 505.89pt x 157.80696pt.

Overfull \hbox (36.13498pt too wide) in paragraph at lines 76--77
 [][] 
 []



pdfTeX warning: pdflatex (file ./Chapter3/importfigs/Figure_001-007.pdf): PDF i
nclusion: found PDF version <1.6>, but at most version <1.5> allowed
<Chapter3/importfigs/Figure_001-007.pdf, id=589, 569.12625pt x 532.99126pt>
File: Chapter3/importfigs/Figure_001-007.pdf Graphic file (type pdf)

<use Chapter3/importfigs/Figure_001-007.pdf>
Package pdftex.def Info: Chapter3/importfigs/Figure_001-007.pdf used on input l
ine 85.
(pdftex.def)             Requested size: 289.07999pt x 270.74028pt.


LaTeX Warning: `!h' float specifier changed to `!ht'.

[27 <./Chapter3/importfigs/ecal_performance_with_examples.png>]
<Chapter3/importfigs/figures_L1EGresolutionEB_cmsTriggerSys.png, id=596, 614.29
5pt x 794.97pt>
File: Chapter3/importfigs/figures_L1EGresolutionEB_cmsTriggerSys.png Graphic fi
le (type png)

<use Chapter3/importfigs/figures_L1EGresolutionEB_cmsTriggerSys.png>
Package pdftex.def Info: Chapter3/importfigs/figures_L1EGresolutionEB_cmsTrigge
rSys.png used on input line 94.
(pdftex.def)             Requested size: 289.07999pt x 374.10904pt.


LaTeX Warning: `!h' float specifier changed to `!ht'.

<Chapter3/importfigs/Figure_001-008.pdf, id=598, 569.12625pt x 408.52625pt>
File: Chapter3/importfigs/Figure_001-008.pdf Graphic file (type pdf)

<use Chapter3/importfigs/Figure_001-008.pdf>
Package pdftex.def Info: Chapter3/importfigs/Figure_001-008.pdf used on input l
ine 107.
(pdftex.def)             Requested size: 289.07999pt x 207.51656pt.


LaTeX Warning: `!h' float specifier changed to `!ht'.


<Chapter3/importfigs/filtering_noise_in_CMS_hadron_calorimeter.png, id=600, 785
.93625pt x 440.64626pt>
File: Chapter3/importfigs/filtering_noise_in_CMS_hadron_calorimeter.png Graphic
 file (type png)

<use Chapter3/importfigs/filtering_noise_in_CMS_hadron_calorimeter.png>
Package pdftex.def Info: Chapter3/importfigs/filtering_noise_in_CMS_hadron_calo
rimeter.png used on input line 116.
(pdftex.def)             Requested size: 361.34999pt x 202.59888pt.


LaTeX Warning: `!h' float specifier changed to `!ht'.

[28 <./Chapter3/importfigs/Figure_001-007.pdf>] [29 <./Chapter3/importfigs/figu
res_L1EGresolutionEB_cmsTriggerSys.png>] [30 <./Chapter3/importfigs/Figure_001-
008.pdf> <./Chapter3/importfigs/filtering_noise_in_CMS_hadron_calorimeter.png (
PNG copy)>]
<Chapter3/importfigs/Figure_001-006.pdf, id=642, 323.97855pt x 234.58199pt>
File: Chapter3/importfigs/Figure_001-006.pdf Graphic file (type pdf)

<use Chapter3/importfigs/Figure_001-006.pdf>
Package pdftex.def Info: Chapter3/importfigs/Figure_001-006.pdf used on input l
ine 136.
(pdftex.def)             Requested size: 289.07999pt x 209.3178pt.
 [31 <./Chapter3/importfigs/Figure_001-006.pdf>]
<Chapter3/importfigs/CCrec2_05_16.jpg, id=674, 702.625pt x 676.5275pt>
File: Chapter3/importfigs/CCrec2_05_16.jpg Graphic file (type jpg)

<use Chapter3/importfigs/CCrec2_05_16.jpg>
Package pdftex.def Info: Chapter3/importfigs/CCrec2_05_16.jpg used on input lin
e 153.
(pdftex.def)             Requested size: 289.07999pt x 278.34842pt.


LaTeX Warning: `!h' float specifier changed to `!ht'.

) [32] [33 <./Chapter3/importfigs/CCrec2_05_16.jpg>]
\openout2 = `Chapter4/Chapter-4.aux'.

 (./Chapter4/Chapter-4.tex
Chapter 4.
[34



]
<Chapter4/importfigs/CMS-PAS-LUM-15-001_Figure_005-a.png, id=691, 539.01375pt x
 622.325pt>
File: Chapter4/importfigs/CMS-PAS-LUM-15-001_Figure_005-a.png Graphic file (typ
e png)
 <use Chapter4/importfigs/CMS-PAS-LUM-15-001_Figure_005-a.png>
Package pdftex.def Info: Chapter4/importfigs/CMS-PAS-LUM-15-001_Figure_005-a.pn
g used on input line 26.
(pdftex.def)             Requested size: 216.81pt x 250.32149pt.

<Chapter4/importfigs/CMS-PAS-LUM-15-001_Figure_005-b.png, id=692, 537.00626pt x
 628.3475pt>
File: Chapter4/importfigs/CMS-PAS-LUM-15-001_Figure_005-b.png Graphic file (typ
e png)
 <use Chapter4/importfigs/CMS-PAS-LUM-15-001_Figure_005-b.png>
Package pdftex.def Info: Chapter4/importfigs/CMS-PAS-LUM-15-001_Figure_005-b.pn
g used on input line 27.
(pdftex.def)             Requested size: 216.81pt x 253.68355pt.

<Chapter4/importfigs/int_lumi_per_day_cumulative_pbpb_2015_pbpb.png, id=693, 57
8.16pt x 433.62pt>
File: Chapter4/importfigs/int_lumi_per_day_cumulative_pbpb_2015_pbpb.png Graphi
c file (type png)

<use Chapter4/importfigs/int_lumi_per_day_cumulative_pbpb_2015_pbpb.png>
Package pdftex.def Info: Chapter4/importfigs/int_lumi_per_day_cumulative_pbpb_2
015_pbpb.png used on input line 36.
(pdftex.def)             Requested size: 433.62pt x 325.2142pt.

[35 <./Chapter4/importfigs/CMS-PAS-LUM-15-001_Figure_005-a.png> <./Chapter4/imp
ortfigs/CMS-PAS-LUM-15-001_Figure_005-b.png>]
<Chapter4/importfigs/int_lumi_cumulative_pp_2.png, id=700, 578.16pt x 433.62pt>
File: Chapter4/importfigs/int_lumi_cumulative_pp_2.png Graphic file (type png)
<use Chapter4/importfigs/int_lumi_cumulative_pp_2.png>
Package pdftex.def Info: Chapter4/importfigs/int_lumi_cumulative_pp_2.png used 
on input line 43.
(pdftex.def)             Requested size: 433.62pt x 325.2142pt.


LaTeX Warning: `!h' float specifier changed to `!ht'.


<Chapter4/importfigs/CMS-PAS-LUM-15-001_Table_001.png, id=701, 871.255pt x 458.
71375pt>
File: Chapter4/importfigs/CMS-PAS-LUM-15-001_Table_001.png Graphic file (type p
ng)
 <use Chapter4/importfigs/CMS-PAS-LUM-15-001_Table_001.png>
Package pdftex.def Info: Chapter4/importfigs/CMS-PAS-LUM-15-001_Table_001.png u
sed on input line 53.
(pdftex.def)             Requested size: 289.07999pt x 152.19493pt.


LaTeX Warning: `!h' float specifier changed to `!ht'.

<Chapter4/importfigs/lumiFill.png, id=702, 485.815pt x 487.8225pt>
File: Chapter4/importfigs/lumiFill.png Graphic file (type png)

<use Chapter4/importfigs/lumiFill.png>
Package pdftex.def Info: Chapter4/importfigs/lumiFill.png used on input line 65
.
(pdftex.def)             Requested size: 433.62pt x 435.41118pt.


LaTeX Warning: `!h' float specifier changed to `!ht'.

[36 <./Chapter4/importfigs/int_lumi_per_day_cumulative_pbpb_2015_pbpb.png>]
[37 <./Chapter4/importfigs/int_lumi_cumulative_pp_2.png> <./Chapter4/importfigs
/CMS-PAS-LUM-15-001_Table_001.png>]
<Chapter4/importfigs/chris_palmer_run_registry.png, id=714, 1596.96625pt x 652.
4375pt>
File: Chapter4/importfigs/chris_palmer_run_registry.png Graphic file (type png)

 <use Chapter4/importfigs/chris_palmer_run_registry.png>
Package pdftex.def Info: Chapter4/importfigs/chris_palmer_run_registry.png used
 on input line 76.
(pdftex.def)             Requested size: 433.62pt x 177.156pt.


LaTeX Warning: `!h' float specifier changed to `!ht'.

) [38 <./Chapter4/importfigs/lumiFill.png>] [39 <./Chapter4/importfigs/chris_pa
lmer_run_registry.png>]
\openout2 = `Chapter5/Chapter-5.aux'.

 (./Chapter5/Chapter-5.tex
Chapter 5.

<Chapter5/importfigs/Rossis-coincidence-circuit-appearing-in-Ref-65-The-selecti
ng-resistance-on-the-right.png, id=726, 795.97375pt x 412.54124pt>
File: Chapter5/importfigs/Rossis-coincidence-circuit-appearing-in-Ref-65-The-se
lecting-resistance-on-the-right.png Graphic file (type png)

<use Chapter5/importfigs/Rossis-coincidence-circuit-appearing-in-Ref-65-The-sel
ecting-resistance-on-the-right.png>
Package pdftex.def Info: Chapter5/importfigs/Rossis-coincidence-circuit-appeari
ng-in-Ref-65-The-selecting-resistance-on-the-right.png used on input line 10.
(pdftex.def)             Requested size: 289.07999pt x 149.82407pt.
 [40



 <./Chapter5/importfigs/Rossis-coincidence-circuit-appearing-in-Ref-65-The-sele
cting-resistance-on-the-right.png (PNG copy)>]
<Chapter3/importfigs/cms_firstleadcoll.jpg, id=732, 803.0pt x 580.1675pt>
File: Chapter3/importfigs/cms_firstleadcoll.jpg Graphic file (type jpg)

<use Chapter3/importfigs/cms_firstleadcoll.jpg>
Package pdftex.def Info: Chapter3/importfigs/cms_firstleadcoll.jpg used on inpu
t line 27.
(pdftex.def)             Requested size: 289.07999pt x 208.86012pt.
 [41 <./Chapter3/importfigs/cms_firstleadcoll.jpg>]
<Chapter3/importfigs/upcJpsi_run285530_lumi594_event944509077_v0.png, id=738, 7
22.7pt x 363.85938pt>
File: Chapter3/importfigs/upcJpsi_run285530_lumi594_event944509077_v0.png Graph
ic file (type png)

<use Chapter3/importfigs/upcJpsi_run285530_lumi594_event944509077_v0.png>
Package pdftex.def Info: Chapter3/importfigs/upcJpsi_run285530_lumi594_event944
509077_v0.png used on input line 36.
(pdftex.def)             Requested size: 289.07999pt x 145.54117pt.

[42 <./Chapter3/importfigs/upcJpsi_run285530_lumi594_event944509077_v0.png>]
<Chapter5/importfigs/triggerRateExample.png, id=743, 722.7pt x 577.15625pt>
File: Chapter5/importfigs/triggerRateExample.png Graphic file (type png)

<use Chapter5/importfigs/triggerRateExample.png>
Package pdftex.def Info: Chapter5/importfigs/triggerRateExample.png used on inp
ut line 55.
(pdftex.def)             Requested size: 289.07999pt x 230.8584pt.
 [43 <./Chapter5/importfigs/triggerRateExample.png>]) [44]
\openout2 = `Chapter6/Chapter-6.aux'.

 (./Chapter6/Chapter-6.tex
Chapter 6.
<Chapter6/importfigs/phi_allQt_raw.pdf, id=752, 569.12625pt x 550.055pt>
File: Chapter6/importfigs/phi_allQt_raw.pdf Graphic file (type pdf)

<use Chapter6/importfigs/phi_allQt_raw.pdf>
Package pdftex.def Info: Chapter6/importfigs/phi_allQt_raw.pdf used on input li
ne 8.
(pdftex.def)             Requested size: 433.62pt x 419.11208pt.


LaTeX Warning: `!h' float specifier changed to `!ht'.

<Chapter6/importfigs/phi_allQt_mixed.pdf, id=753, 569.12625pt x 550.055pt>
File: Chapter6/importfigs/phi_allQt_mixed.pdf Graphic file (type pdf)

<use Chapter6/importfigs/phi_allQt_mixed.pdf>
Package pdftex.def Info: Chapter6/importfigs/phi_allQt_mixed.pdf used on input 
line 15.
(pdftex.def)             Requested size: 433.62pt x 419.11208pt.


LaTeX Warning: `!h' float specifier changed to `!ht'.

<Chapter6/importfigs/phi_allQt_subbed.pdf, id=754, 569.12625pt x 550.055pt>
File: Chapter6/importfigs/phi_allQt_subbed.pdf Graphic file (type pdf)

<use Chapter6/importfigs/phi_allQt_subbed.pdf>
Package pdftex.def Info: Chapter6/importfigs/phi_allQt_subbed.pdf used on input
 line 22.
(pdftex.def)             Requested size: 433.62pt x 419.11208pt.


LaTeX Warning: `!h' float specifier changed to `!ht'.

<Chapter6/importfigs/phi_allQt_final.pdf, id=755, 569.12625pt x 550.055pt>
File: Chapter6/importfigs/phi_allQt_final.pdf Graphic file (type pdf)

<use Chapter6/importfigs/phi_allQt_final.pdf>
Package pdftex.def Info: Chapter6/importfigs/phi_allQt_final.pdf used on input 
line 29.
(pdftex.def)             Requested size: 433.62pt x 419.11208pt.


LaTeX Warning: `!h' float specifier changed to `!ht'.

) [45



] [46 <./Chapter6/importfigs/phi_allQt_raw.pdf, page is rotated 90 degrees>] [4
7 <./Chapter6/importfigs/phi_allQt_mixed.pdf, page is rotated 90 degrees>] [48 
<./Chapter6/importfigs/phi_allQt_subbed.pdf, page is rotated 90 degrees>]
[49 <./Chapter6/importfigs/phi_allQt_final.pdf, page is rotated 90 degrees>]
\openout2 = `Chapter7/Chapter-7.aux'.


(./Chapter7/Chapter-7.tex
Chapter 7.
) [50



]
\openout2 = `Chapter8/Chapter-8.aux'.

 (./Chapter8/Chapter-8.tex
Chapter 8.
) [51



] (./thesis-ku.bbl
LaTeX Font Info:    Try loading font information for T1+lmtt on input line 8.
 (/usr/share/texmf/tex/latex/lm/t1lmtt.fd
File: t1lmtt.fd 2009/10/30 v1.6 Font defs for Latin Modern
) [52


] [53]
[54] [55] [56] [57] [58] [59] [60] [61] [62] [63] [64] [65] [66]) [67]
\openout2 = `Appendix1/Appendix1.aux'.


(./Appendix1/Appendix1.tex
Appendix A.
) [68


]
Package atveryend Info: Empty hook `BeforeClearDocument' on input line 146.
Package atveryend Info: Empty hook `AfterLastShipout' on input line 146.
 (./thesis-ku.aux (./Chapter1/Chapter-1.aux) (./Chapter2/Chapter-2.aux)
(./Chapter3/Chapter-3.aux) (./Chapter4/Chapter-4.aux) (./Chapter5/Chapter-5.aux
) (./Chapter6/Chapter-6.aux) (./Chapter7/Chapter-7.aux)
(./Chapter8/Chapter-8.aux) (./Appendix1/Appendix1.aux))
Package atveryend Info: Executing hook `AtVeryEndDocument' on input line 146.
Package atveryend Info: Executing hook `AtEndAfterFileList' on input line 146.
Package rerunfilecheck Info: File `thesis-ku.out' has not changed.
(rerunfilecheck)             Checksum: 1A6DB3060E0AC1C6362A97385E0FC531;7965.


LaTeX Warning: There were multiply-defined labels.

Package atveryend Info: Empty hook `AtVeryVeryEnd' on input line 146.
 ) 
Here is how much of TeX's memory you used:
 13757 strings out of 494910
 202172 string characters out of 6179836
 274831 words of memory out of 5000000
 16403 multiletter control sequences out of 15000+600000
 55474 words of font info for 109 fonts, out of 8000000 for 9000
 36 hyphenation exceptions out of 8191
 44i,6n,45p,1582b,503s stack positions out of 5000i,500n,10000p,200000b,80000s
{/usr/share/texmf/fonts/enc/dvips/lm/lm-ec.enc}{/usr/share/texlive/texmf-dist
/fonts/enc/dvips/base/8r.enc}</usr/share/texlive/texmf-dist/fonts/type1/public/
amsfonts/cm/cmex10.pfb></usr/share/texlive/texmf-dist/fonts/type1/public/amsfon
ts/cm/cmmi10.pfb></usr/share/texlive/texmf-dist/fonts/type1/public/amsfonts/cm/
cmr10.pfb></usr/share/texlive/texmf-dist/fonts/type1/public/amsfonts/cm/cmsy10.
pfb></usr/share/texlive/texmf-dist/fonts/type1/public/esint-type1/esint10.pfb><
/usr/share/texmf/fonts/type1/public/lm/lmtt12.pfb></usr/share/texlive/texmf-dis
t/fonts/type1/public/amsfonts/symbols/msbm10.pfb></usr/share/texlive/texmf-dist
/fonts/type1/public/rsfs/rsfs10.pfb></usr/share/texlive/texmf-dist/fonts/type1/
urw/symbol/usyr.pfb></usr/share/texlive/texmf-dist/fonts/type1/urw/symbol/usyr.
pfb></usr/share/texlive/texmf-dist/fonts/type1/urw/times/utmb8a.pfb></usr/share
/texlive/texmf-dist/fonts/type1/urw/times/utmr8a.pfb></usr/share/texlive/texmf-
dist/fonts/type1/urw/times/utmri8a.pfb>
Output written on thesis-ku.pdf (78 pages, 4484714 bytes).
PDF statistics:
 1505 PDF objects out of 1728 (max. 8388607)
 1223 compressed objects within 13 object streams
 324 named destinations out of 1000 (max. 500000)
 602 words of extra memory for PDF output out of 10000 (max. 10000000)

